Build started 2/19/2015 1:29:53 PM.
     1>Project "E:\IT COURSE 2015-16 (PART 4)\PROG 2400 Hal O'Connell\MazeFinder\MazeFinder\MazeFinder.vcxproj" on node 2 (Build target(s)).
     1>ClCompile:
         C:\Program Files (x86)\Microsoft Visual Studio 12.0\VC\bin\CL.exe /c /ZI /nologo /W3 /WX- /sdl /Od /Oy- /D _CRT_SECURE_NO_WARNINGS /D _MBCS /Gm /EHsc /RTC1 /MDd /GS /fp:precise /Zc:wchar_t /Zc:forScope /Fo"Debug\\" /Fd"Debug\vc120.pdb" /Gd /TP /analyze- /errorReport:prompt "..\..\..\PROG 2400 Hal O'Connell\MazeFinder\MazeFinder\Maze.cpp" "..\..\..\PROG 2400 Hal O'Connell\MazeFinder\MazeFinder\MazeFinder.cpp" "..\..\..\PROG 2400 Hal O'Connell\MazeFinder\MazeFinder\Source.cpp" "..\..\..\PROG 2400 Hal O'Connell\MazeFinder\MazeFinder\Stack.cpp" "..\..\..\PROG 2400 Hal O'Connell\MazeFinder\MazeFinder\stackNode.cpp"
         stackNode.cpp
         Stack.cpp
         Source.cpp
         MazeFinder.cpp
         Maze.cpp
         Generating Code...
       Link:
         C:\Program Files (x86)\Microsoft Visual Studio 12.0\VC\bin\link.exe /ERRORREPORT:PROMPT /OUT:"E:\IT COURSE 2015-16 (PART 4)\PROG 2400 Hal O'Connell\MazeFinder\Debug\MazeFinder.exe" /INCREMENTAL /NOLOGO kernel32.lib user32.lib gdi32.lib winspool.lib comdlg32.lib advapi32.lib shell32.lib ole32.lib oleaut32.lib uuid.lib odbc32.lib odbccp32.lib /MANIFEST /MANIFESTUAC:"level='asInvoker' uiAccess='false'" /manifest:embed /DEBUG /PDB:"E:\IT COURSE 2015-16 (PART 4)\PROG 2400 Hal O'Connell\MazeFinder\Debug\MazeFinder.pdb" /TLBID:1 /DYNAMICBASE /NXCOMPAT /IMPLIB:"E:\IT COURSE 2015-16 (PART 4)\PROG 2400 Hal O'Connell\MazeFinder\Debug\MazeFinder.lib" /MACHINE:X86 Debug\Maze.obj
         Debug\MazeFinder.obj
         Debug\Source.obj
         Debug\Stack.obj
         Debug\stackNode.obj
         MazeFinder.vcxproj -> E:\IT COURSE 2015-16 (PART 4)\PROG 2400 Hal O'Connell\MazeFinder\Debug\MazeFinder.exe
     1>Done Building Project "E:\IT COURSE 2015-16 (PART 4)\PROG 2400 Hal O'Connell\MazeFinder\MazeFinder\MazeFinder.vcxproj" (Build target(s)).

Build succeeded.

Time Elapsed 00:00:07.37
