Build started 4/16/2015 12:59:10 PM.
     1>Project "E:\IT COURSE 2015-16 (PART 4)\PROG 2400 Hal O'Connell\Fedi_Hashing\Fedi_Hashing\Fedi_Hashing.vcxproj" on node 2 (Build target(s)).
     1>ClCompile:
         C:\Program Files (x86)\Microsoft Visual Studio 12.0\VC\bin\CL.exe /c /ZI /nologo /W3 /WX- /sdl /Od /Oy- /D _CRT_SECURE_NO_WARNINGS /D _MBCS /Gm /EHsc /RTC1 /MDd /GS /fp:precise /Zc:wchar_t /Zc:forScope /Fo"Debug\\" /Fd"Debug\vc120.pdb" /Gd /TP /analyze- /errorReport:prompt "..\..\..\PROG 2400 Hal O'Connell\Fedi_Hashing\Fedi_Hashing\HashTable.cpp" "..\..\..\PROG 2400 Hal O'Connell\Fedi_Hashing\Fedi_Hashing\LinkList.cpp" "..\..\..\PROG 2400 Hal O'Connell\Fedi_Hashing\Fedi_Hashing\Source.cpp"
         Source.cpp
     1>e:\it course 2015-16 (part 4)\prog 2400 hal o'connell\fedi_hashing\fedi_hashing\hashtable.cpp(1): warning C4067: unexpected tokens following preprocessor directive - expected a newline
     1>e:\it course 2015-16 (part 4)\prog 2400 hal o'connell\fedi_hashing\fedi_hashing\hashtable.cpp(22): warning C4018: '<' : signed/unsigned mismatch
     1>e:\it course 2015-16 (part 4)\prog 2400 hal o'connell\fedi_hashing\fedi_hashing\hashtable.cpp(67): warning C4102: 'std' : unreferenced label
     1>e:\it course 2015-16 (part 4)\prog 2400 hal o'connell\fedi_hashing\fedi_hashing\source.cpp(22): warning C4101: 'temp' : unreferenced local variable
         LinkList.cpp
         HashTable.cpp
     1>e:\it course 2015-16 (part 4)\prog 2400 hal o'connell\fedi_hashing\fedi_hashing\hashtable.cpp(1): warning C4067: unexpected tokens following preprocessor directive - expected a newline
     1>e:\it course 2015-16 (part 4)\prog 2400 hal o'connell\fedi_hashing\fedi_hashing\hashtable.cpp(22): warning C4018: '<' : signed/unsigned mismatch
     1>e:\it course 2015-16 (part 4)\prog 2400 hal o'connell\fedi_hashing\fedi_hashing\hashtable.cpp(67): warning C4102: 'std' : unreferenced label
         Generating Code...
       Link:
         C:\Program Files (x86)\Microsoft Visual Studio 12.0\VC\bin\link.exe /ERRORREPORT:PROMPT /OUT:"E:\IT COURSE 2015-16 (PART 4)\PROG 2400 Hal O'Connell\Fedi_Hashing\Debug\Fedi_Hashing.exe" /INCREMENTAL /NOLOGO kernel32.lib user32.lib gdi32.lib winspool.lib comdlg32.lib advapi32.lib shell32.lib ole32.lib oleaut32.lib uuid.lib odbc32.lib odbccp32.lib /MANIFEST /MANIFESTUAC:"level='asInvoker' uiAccess='false'" /manifest:embed /DEBUG /PDB:"E:\IT COURSE 2015-16 (PART 4)\PROG 2400 Hal O'Connell\Fedi_Hashing\Debug\Fedi_Hashing.pdb" /TLBID:1 /DYNAMICBASE /NXCOMPAT /IMPLIB:"E:\IT COURSE 2015-16 (PART 4)\PROG 2400 Hal O'Connell\Fedi_Hashing\Debug\Fedi_Hashing.lib" /MACHINE:X86 Debug\HashTable.obj
         Debug\LinkList.obj
         Debug\Source.obj
         Fedi_Hashing.vcxproj -> E:\IT COURSE 2015-16 (PART 4)\PROG 2400 Hal O'Connell\Fedi_Hashing\Debug\Fedi_Hashing.exe
     1>Done Building Project "E:\IT COURSE 2015-16 (PART 4)\PROG 2400 Hal O'Connell\Fedi_Hashing\Fedi_Hashing\Fedi_Hashing.vcxproj" (Build target(s)).

Build succeeded.

Time Elapsed 00:00:07.36
